

Started GET "/" for 127.0.0.1 at Mon Mar 14 20:14:13 +0000 2011
  Processing by PostsController#index as HTML
Completed   in 31ms

ActiveRecord::StatementInvalid (ActiveRecord::JDBCError: no such table: posts: SELECT "posts".* FROM "posts" ORDER BY created_at DESC):
  app/controllers/posts_controller.rb:5:in `index'

Rendered C:/Program Files/NetBeans 6.9.1/ruby/jruby-1.5.1/lib/ruby/gems/1.8/gems/actionpack-3.0.5/lib/action_dispatch/middleware/templates/rescues/_trace.erb (0.0ms)
Rendered C:/Program Files/NetBeans 6.9.1/ruby/jruby-1.5.1/lib/ruby/gems/1.8/gems/actionpack-3.0.5/lib/action_dispatch/middleware/templates/rescues/_request_and_response.erb (16.0ms)
Rendered C:/Program Files/NetBeans 6.9.1/ruby/jruby-1.5.1/lib/ruby/gems/1.8/gems/actionpack-3.0.5/lib/action_dispatch/middleware/templates/rescues/diagnostics.erb within rescues/layout (47.0ms)


Started GET "/favicon.ico" for 127.0.0.1 at Mon Mar 14 20:14:14 +0000 2011

ActionController::RoutingError (No route matches "/favicon.ico"):
  

Rendered C:/Program Files/NetBeans 6.9.1/ruby/jruby-1.5.1/lib/ruby/gems/1.8/gems/actionpack-3.0.5/lib/action_dispatch/middleware/templates/rescues/routing_error.erb within rescues/layout (0.0ms)


Started GET "/favicon.ico" for 127.0.0.1 at Mon Mar 14 20:14:17 +0000 2011

ActionController::RoutingError (No route matches "/favicon.ico"):
  

Rendered C:/Program Files/NetBeans 6.9.1/ruby/jruby-1.5.1/lib/ruby/gems/1.8/gems/actionpack-3.0.5/lib/action_dispatch/middleware/templates/rescues/routing_error.erb within rescues/layout (16.0ms)


Started GET "/" for 127.0.0.1 at Mon Mar 14 20:15:42 +0000 2011
  Processing by PostsController#index as HTML
Completed   in 0ms

ActiveRecord::StatementInvalid (ActiveRecord::JDBCError: no such table: posts: SELECT "posts".* FROM "posts" ORDER BY created_at DESC):
  app/controllers/posts_controller.rb:5:in `index'

Rendered C:/Program Files/NetBeans 6.9.1/ruby/jruby-1.5.1/lib/ruby/gems/1.8/gems/actionpack-3.0.5/lib/action_dispatch/middleware/templates/rescues/_trace.erb (0.0ms)
Rendered C:/Program Files/NetBeans 6.9.1/ruby/jruby-1.5.1/lib/ruby/gems/1.8/gems/actionpack-3.0.5/lib/action_dispatch/middleware/templates/rescues/_request_and_response.erb (15.0ms)
Rendered C:/Program Files/NetBeans 6.9.1/ruby/jruby-1.5.1/lib/ruby/gems/1.8/gems/actionpack-3.0.5/lib/action_dispatch/middleware/templates/rescues/diagnostics.erb within rescues/layout (15.0ms)
